<?xml version="1.0" encoding="UTF-8"?>
<!-- Generated by org.testng.reporters.JUnitReportReporter -->
<testsuite hostname="DESKTOP-8SMQJBL" failures="0" tests="2" name="com.terkwaz.testcases.HerokuApp_Test" time="33.266" errors="0" timestamp="18 Mar 2020 01:41:50 GMT" skipped="0">
  <testcase classname="com.terkwaz.testcases.HerokuApp_Test" name="TC1_UploadFile" time="14.109"/>
  <testcase classname="com.terkwaz.testcases.HerokuApp_Test" name="TC2_DynamicLoading" time="19.157"/>
</testsuite> <!-- com.terkwaz.testcases.HerokuApp_Test -->
