<?xml version="1.0" encoding="UTF-8"?>
<!-- Generated by org.testng.reporters.JUnitReportReporter -->
<testsuite hostname="DESKTOP-8SMQJBL" failures="0" tests="1" name="com.terkwaz.testcases.Api_Test" time="1.469" errors="0" timestamp="18 Mar 2020 01:41:50 GMT" skipped="0">
  <testcase classname="com.terkwaz.testcases.Api_Test" name="FactsAPITest" time="1.469"/>
</testsuite> <!-- com.terkwaz.testcases.Api_Test -->
