<?xml version="1.0" encoding="UTF-8"?>
<!-- Generated by org.testng.reporters.JUnitReportReporter -->
<testsuite hostname="DESKTOP-8SMQJBL" failures="0" tests="1" name="com.terkwaz.testcases.Google_Test" time="14.634" errors="0" timestamp="18 Mar 2020 01:41:50 GMT" skipped="0">
  <testcase classname="com.terkwaz.testcases.Google_Test" name="TC1_GoogleSearch" time="14.634"/>
</testsuite> <!-- com.terkwaz.testcases.Google_Test -->
